<?xml version="1.0" encoding="UTF-8"?>
<!-- Generated by org.testng.reporters.JUnitReportReporter -->
<testsuite hostname="DESKTOP-QTP7HJ6" failures="0" tests="1" name="test.googlesample" time="5.211" errors="0" timestamp="2023-10-13T12:04:40 IST" skipped="0">
  <testcase classname="test.googlesample" name="test" time="5.211"/>
</testsuite> <!-- test.googlesample -->
